[debug] [2025-01-25T13:32:58.023Z] ----------------------------------------------------------------------
[debug] [2025-01-25T13:32:58.026Z] Command:       C:\Program Files\nodejs\node.exe C:\Users\Loady\AppData\Roaming\npm\node_modules\firebase-tools\lib\bin\firebase.js init
[debug] [2025-01-25T13:32:58.026Z] CLI Version:   13.29.2
[debug] [2025-01-25T13:32:58.027Z] Platform:      win32
[debug] [2025-01-25T13:32:58.027Z] Node Version:  v20.11.1
[debug] [2025-01-25T13:32:58.027Z] Time:          Sat Jan 25 2025 16:32:58 GMT+0300 (East Africa Time)
[debug] [2025-01-25T13:32:58.027Z] ----------------------------------------------------------------------
[debug] 
[debug] [2025-01-25T13:32:58.034Z] > command requires scopes: ["email","openid","https://www.googleapis.com/auth/cloudplatformprojects.readonly","https://www.googleapis.com/auth/firebase","https://www.googleapis.com/auth/cloud-platform"]
[debug] [2025-01-25T13:32:58.034Z] > authorizing via signed-in user (loadywiseman@gmail.com)
[info] 
     ######## #### ########  ######## ########     ###     ######  ########
     ##        ##  ##     ## ##       ##     ##  ##   ##  ##       ##
     ######    ##  ########  ######   ########  #########  ######  ######
     ##        ##  ##    ##  ##       ##     ## ##     ##       ## ##
     ##       #### ##     ## ######## ########  ##     ##  ######  ########

You're about to initialize a Firebase project in this directory:

  C:\Users\Loady\Documents\GitHub\Joshy_lucas_university_v01

[info] 
=== Project Setup
[info] 
[info] First, let's associate this project directory with a Firebase project.
[info] You can create multiple project aliases by running firebase use --add, 
[info] but for now we'll just set up a default project.
[info] 
[debug] [2025-01-25T13:33:06.156Z] Checked if tokens are valid: false, expires at: 1710775563768
[debug] [2025-01-25T13:33:06.156Z] Checked if tokens are valid: false, expires at: 1710775563768
[debug] [2025-01-25T13:33:06.158Z] > refreshing access token with scopes: []
[debug] [2025-01-25T13:33:06.166Z] >>> [apiv2][query] POST https://www.googleapis.com/oauth2/v3/token [none]
[debug] [2025-01-25T13:33:06.167Z] >>> [apiv2][body] POST https://www.googleapis.com/oauth2/v3/token [omitted]
[debug] [2025-01-25T13:33:06.759Z] <<< [apiv2][status] POST https://www.googleapis.com/oauth2/v3/token 400
[debug] [2025-01-25T13:33:06.760Z] <<< [apiv2][body] POST https://www.googleapis.com/oauth2/v3/token [omitted]
[debug] [2025-01-25T13:33:06.763Z] >>> [apiv2][query] GET https://firebase.googleapis.com/v1beta1/projects pageSize=100
[debug] [2025-01-25T13:33:07.238Z] <<< [apiv2][status] GET https://firebase.googleapis.com/v1beta1/projects 401
[debug] [2025-01-25T13:33:07.238Z] <<< [apiv2][body] GET https://firebase.googleapis.com/v1beta1/projects [omitted]
[debug] [2025-01-25T13:33:07.238Z] Got a 401 Unauthenticated error for a call that required authentication. Refreshing tokens.
[debug] [2025-01-25T13:33:07.238Z] Checked if tokens are valid: false, expires at: 1710775563768
[debug] [2025-01-25T13:33:07.239Z] Checked if tokens are valid: false, expires at: 1710775563768
[debug] [2025-01-25T13:33:07.239Z] > refreshing access token with scopes: []
[debug] [2025-01-25T13:33:07.239Z] >>> [apiv2][query] POST https://www.googleapis.com/oauth2/v3/token [none]
[debug] [2025-01-25T13:33:07.239Z] >>> [apiv2][body] POST https://www.googleapis.com/oauth2/v3/token [omitted]
[debug] [2025-01-25T13:33:07.410Z] <<< [apiv2][status] POST https://www.googleapis.com/oauth2/v3/token 400
[debug] [2025-01-25T13:33:07.411Z] <<< [apiv2][body] POST https://www.googleapis.com/oauth2/v3/token [omitted]
[debug] [2025-01-25T13:33:07.413Z] Request to https://firebase.googleapis.com/v1beta1/projects?pageSize=100 had HTTP Error: 401, Request had invalid authentication credentials. Expected OAuth 2 access token, login cookie or other valid authentication credential. See https://developers.google.com/identity/sign-in/web/devconsole-project.
[debug] [2025-01-25T13:33:07.891Z] FirebaseError: Request to https://firebase.googleapis.com/v1beta1/projects?pageSize=100 had HTTP Error: 401, Request had invalid authentication credentials. Expected OAuth 2 access token, login cookie or other valid authentication credential. See https://developers.google.com/identity/sign-in/web/devconsole-project.
    at responseToError (C:\Users\Loady\AppData\Roaming\npm\node_modules\firebase-tools\lib\responseToError.js:52:12)
    at RetryOperation._fn (C:\Users\Loady\AppData\Roaming\npm\node_modules\firebase-tools\lib\apiv2.js:312:77)
    at process.processTicksAndRejections (node:internal/process/task_queues:95:5)
[error] 
[error] Error: Failed to list Firebase projects. See firebase-debug.log for more info.
